# JRE version: Java(TM) SE Runtime Environment (8.0_45-b14) (build 1.8.0_45-b14)
# Java VM: Java HotSpot(TM) 64-Bit Server VM (25.45-b02 mixed mode bsd-amd64 compressed oops)
Heap:
 PSYoungGen      total 26624K, used 16137K [0x00000007aab00000, 0x00000007ad000000, 0x00000007c0000000)
  eden space 24064K, 56% used [0x00000007aab00000,0x00000007ab842518,0x00000007ac280000)
  from space 2560K, 100% used [0x00000007acd80000,0x00000007ad000000,0x00000007ad000000)
  to   space 2560K, 0% used [0x00000007acb00000,0x00000007acb00000,0x00000007acd80000)
 ParOldGen       total 74752K, used 39717K [0x0000000780000000, 0x0000000784900000, 0x00000007aab00000)
  object space 74752K, 53% used [0x0000000780000000,0x00000007826c9760,0x0000000784900000)
 Metaspace       used 10647K, capacity 11054K, committed 11264K, reserved 1058816K
  class space    used 1347K, capacity 1479K, committed 1536K, reserved 1048576K
GC Heap History (10 events):
Event: 2.142 GC heap before
{Heap before GC invocations=1 (full 0):
 PSYoungGen      total 18944K, used 16384K [0x00000007aab00000, 0x00000007ac000000, 0x00000007c0000000)
  eden space 16384K, 100% used [0x00000007aab00000,0x00000007abb00000,0x00000007abb00000)
  from space 2560K, 0% used [0x00000007abd80000,0x00000007abd80000,0x00000007ac000000)
  to   space 2560K, 0% used [0x00000007abb00000,0x00000007abb00000,0x00000007abd80000)
 ParOldGen       total 44032K, used 0K [0x0000000780000000, 0x0000000782b00000, 0x00000007aab00000)
  object space 44032K, 0% used [0x0000000780000000,0x0000000780000000,0x0000000782b00000)
 Metaspace       used 8892K, capacity 9280K, committed 9472K, reserved 1056768K
  class space    used 1148K, capacity 1255K, committed 1280K, reserved 1048576K
Event: 2.147 GC heap after
Heap after GC invocations=1 (full 0):
 PSYoungGen      total 18944K, used 2528K [0x00000007aab00000, 0x00000007ac000000, 0x00000007c0000000)
  eden space 16384K, 0% used [0x00000007aab00000,0x00000007aab00000,0x00000007abb00000)
  from space 2560K, 98% used [0x00000007abb00000,0x00000007abd78040,0x00000007abd80000)
  to   space 2560K, 0% used [0x00000007abd80000,0x00000007abd80000,0x00000007ac000000)
 ParOldGen       total 44032K, used 611K [0x0000000780000000, 0x0000000782b00000, 0x00000007aab00000)
  object space 44032K, 1% used [0x0000000780000000,0x0000000780098c70,0x0000000782b00000)
 Metaspace       used 8892K, capacity 9280K, committed 9472K, reserved 1056768K
  class space    used 1148K, capacity 1255K, committed 1280K, reserved 1048576K
}
Event: 2.371 GC heap before
{Heap before GC invocations=2 (full 0):
 PSYoungGen      total 18944K, used 18912K [0x00000007aab00000, 0x00000007ac000000, 0x00000007c0000000)
  eden space 16384K, 100% used [0x00000007aab00000,0x00000007abb00000,0x00000007abb00000)
  from space 2560K, 98% used [0x00000007abb00000,0x00000007abd78040,0x00000007abd80000)
  to   space 2560K, 0% used [0x00000007abd80000,0x00000007abd80000,0x00000007ac000000)
 ParOldGen       total 44032K, used 611K [0x0000000780000000, 0x0000000782b00000, 0x00000007aab00000)
  object space 44032K, 1% used [0x0000000780000000,0x0000000780098c70,0x0000000782b00000)
 Metaspace       used 8916K, capacity 9344K, committed 9472K, reserved 1056768K
  class space    used 1149K, capacity 1255K, committed 1280K, reserved 1048576K
Event: 2.408 GC heap after
Heap after GC invocations=2 (full 0):
 PSYoungGen      total 18944K, used 2543K [0x00000007aab00000, 0x00000007ad000000, 0x00000007c0000000)
  eden space 16384K, 0% used [0x00000007aab00000,0x00000007aab00000,0x00000007abb00000)
  from space 2560K, 99% used [0x00000007abd80000,0x00000007abffbde0,0x00000007ac000000)
  to   space 2560K, 0% used [0x00000007abb00000,0x00000007abb00000,0x00000007abd80000)
 ParOldGen       total 44032K, used 14044K [0x0000000780000000, 0x0000000782b00000, 0x00000007aab00000)
  object space 44032K, 31% used [0x0000000780000000,0x0000000780db7020,0x0000000782b00000)
 Metaspace       used 8916K, capacity 9344K, committed 9472K, reserved 1056768K
  class space    used 1149K, capacity 1255K, committed 1280K, reserved 1048576K
}
Event: 2.518 GC heap before
{Heap before GC invocations=3 (full 0):
 PSYoungGen      total 18944K, used 18927K [0x00000007aab00000, 0x00000007ad000000, 0x00000007c0000000)
  eden space 16384K, 100% used [0x00000007aab00000,0x00000007abb00000,0x00000007abb00000)
  from space 2560K, 99% used [0x00000007abd80000,0x00000007abffbde0,0x00000007ac000000)
  to   space 2560K, 0% used [0x00000007abb00000,0x00000007abb00000,0x00000007abd80000)
 ParOldGen       total 44032K, used 14044K [0x0000000780000000, 0x0000000782b00000, 0x00000007aab00000)
  object space 44032K, 31% used [0x0000000780000000,0x0000000780db7020,0x0000000782b00000)
 Metaspace       used 8916K, capacity 9344K, committed 9472K, reserved 1056768K
  class space    used 1149K, capacity 1255K, committed 1280K, reserved 1048576K
Event: 2.558 GC heap after
Heap after GC invocations=3 (full 0):
 PSYoungGen      total 18944K, used 2538K [0x00000007aab00000, 0x00000007ad000000, 0x00000007c0000000)
  eden space 16384K, 0% used [0x00000007aab00000,0x00000007aab00000,0x00000007abb00000)
  from space 2560K, 99% used [0x00000007abb00000,0x00000007abd7aae0,0x00000007abd80000)
  to   space 2560K, 0% used [0x00000007acd80000,0x00000007acd80000,0x00000007ad000000)
 ParOldGen       total 44032K, used 27835K [0x0000000780000000, 0x0000000782b00000, 0x00000007aab00000)
  object space 44032K, 63% used [0x0000000780000000,0x0000000781b2ef68,0x0000000782b00000)
 Metaspace       used 8916K, capacity 9344K, committed 9472K, reserved 1056768K
  class space    used 1149K, capacity 1255K, committed 1280K, reserved 1048576K
}
Event: 2.558 GC heap before
{Heap before GC invocations=4 (full 1):
 PSYoungGen      total 18944K, used 2538K [0x00000007aab00000, 0x00000007ad000000, 0x00000007c0000000)
  eden space 16384K, 0% used [0x00000007aab00000,0x00000007aab00000,0x00000007abb00000)
  from space 2560K, 99% used [0x00000007abb00000,0x00000007abd7aae0,0x00000007abd80000)
  to   space 2560K, 0% used [0x00000007acd80000,0x00000007acd80000,0x00000007ad000000)
 ParOldGen       total 44032K, used 27835K [0x0000000780000000, 0x0000000782b00000, 0x00000007aab00000)
  object space 44032K, 63% used [0x0000000780000000,0x0000000781b2ef68,0x0000000782b00000)
 Metaspace       used 8916K, capacity 9344K, committed 9472K, reserved 1056768K
  class space    used 1149K, capacity 1255K, committed 1280K, reserved 1048576K
Event: 2.909 GC heap after
Heap after GC invocations=4 (full 1):
 PSYoungGen      total 18944K, used 0K [0x00000007aab00000, 0x00000007ad000000, 0x00000007c0000000)
  eden space 16384K, 0% used [0x00000007aab00000,0x00000007aab00000,0x00000007abb00000)
  from space 2560K, 0% used [0x00000007abb00000,0x00000007abb00000,0x00000007abd80000)
  to   space 2560K, 0% used [0x00000007acd80000,0x00000007acd80000,0x00000007ad000000)
 ParOldGen       total 74752K, used 29706K [0x0000000780000000, 0x0000000784900000, 0x00000007aab00000)
  object space 74752K, 39% used [0x0000000780000000,0x0000000781d02878,0x0000000784900000)
 Metaspace       used 8916K, capacity 9344K, committed 9472K, reserved 1056768K
  class space    used 1149K, capacity 1255K, committed 1280K, reserved 1048576K
}
Event: 3.198 GC heap before
{Heap before GC invocations=5 (full 1):
 PSYoungGen      total 18944K, used 16384K [0x00000007aab00000, 0x00000007ad000000, 0x00000007c0000000)
  eden space 16384K, 100% used [0x00000007aab00000,0x00000007abb00000,0x00000007abb00000)
  from space 2560K, 0% used [0x00000007abb00000,0x00000007abb00000,0x00000007abd80000)
  to   space 2560K, 0% used [0x00000007acd80000,0x00000007acd80000,0x00000007ad000000)
 ParOldGen       total 74752K, used 29706K [0x0000000780000000, 0x0000000784900000, 0x00000007aab00000)
  object space 74752K, 39% used [0x0000000780000000,0x0000000781d02878,0x0000000784900000)
 Metaspace       used 9712K, capacity 9972K, committed 10112K, reserved 1058816K
  class space    used 1249K, capacity 1331K, committed 1408K, reserved 1048576K
Event: 3.220 GC heap after
Heap after GC invocations=5 (full 1):
 PSYoungGen      total 26624K, used 2560K [0x00000007aab00000, 0x00000007ad000000, 0x00000007c0000000)
  eden space 24064K, 0% used [0x00000007aab00000,0x00000007aab00000,0x00000007ac280000)
  from space 2560K, 100% used [0x00000007acd80000,0x00000007ad000000,0x00000007ad000000)
  to   space 2560K, 0% used [0x00000007acb00000,0x00000007acb00000,0x00000007acd80000)
 ParOldGen       total 74752K, used 39717K [0x0000000780000000, 0x0000000784900000, 0x00000007aab00000)
  object space 74752K, 53% used [0x0000000780000000,0x00000007826c9760,0x0000000784900000)
 Metaspace       used 9712K, capacity 9972K, committed 10112K, reserved 1058816K
  class space    used 1249K, capacity 1331K, committed 1408K, reserved 1048576K
}

